Preset CMake variables:

  BOARD_DIRECTORY="G491RET6"
  CMAKE_BUILD_TYPE="Debug"
  CMAKE_TOOLCHAIN_FILE:FILEPATH="C:/Manoj/Sources/STM32-Nucleo/Build/Toolchains/arm-m4-gcc-toolchain.cmake"
  DEVICE="STM32G491xx"
  DRIVERS_DIRECTORY="G4"
  LINKER_SCRIPT="C:/Manoj/Sources/STM32-Nucleo/G491RET6/Startup/LinkerScript.ld"

-- The C compiler identification is GNU 12.3.1
-- The CXX compiler identification is GNU 12.3.1
-- The ASM compiler identification is GNU
-- Found assembler: C:/ST/STM32CubeCLT_1.16.0/GNU-tools-for-STM32/bin/arm-none-eabi-gcc.exe
-- Configuring done (0.7s)
-- Generating done (0.0s)
-- Build files have been written to: C:/Manoj/Sources/STM32-Nucleo/_out/G491RET6
[  4%] Building C object Drivers/CMakeFiles/Drivers.dir/G4/Hal/Src/stm32g4xx_hal.c.obj
[  8%] Building C object Drivers/CMakeFiles/Drivers.dir/G4/Hal/Src/stm32g4xx_hal_gpio.c.obj
[ 12%] Building C object Drivers/CMakeFiles/Drivers.dir/G4/Hal/Src/stm32g4xx_hal_pwr_ex.c.obj
[ 20%] Building C object Drivers/CMakeFiles/Drivers.dir/G4/Hal/Src/stm32g4xx_hal_cortex.c.obj
[ 20%] Building C object Drivers/CMakeFiles/Drivers.dir/G4/Hal/Src/stm32g4xx_hal_rcc.c.obj
[ 24%] Building C object Drivers/CMakeFiles/Drivers.dir/G4/Hal/Src/stm32g4xx_hal_pwr.c.obj
[ 32%] Building C object Drivers/CMakeFiles/Drivers.dir/G4/Hal/Src/stm32g4xx_hal_uart_ex.c.obj
[ 32%] Building C object Drivers/CMakeFiles/Drivers.dir/G4/Hal/Src/stm32g4xx_hal_uart.c.obj
[ 36%] Building C object Drivers/CMakeFiles/Drivers.dir/G4/Hal/Src/stm32g4xx_hal_dma.c.obj
[ 40%] Building C object Drivers/CMakeFiles/Drivers.dir/G4/Core/Source/system_stm32g4xx.c.obj
[ 44%] Linking C static library libDrivers.a
[ 44%] Built target Drivers
[ 48%] Building ASM object G491RET6/CMakeFiles/NucleoFirmware.dir/Startup/startup_stm32g491retx.s.obj
[ 52%] Building C object G491RET6/CMakeFiles/NucleoFirmware.dir/Core/Source/Main.c.obj
[ 56%] Building C object G491RET6/CMakeFiles/NucleoFirmware.dir/Core/Source/Syscalls.c.obj
[ 60%] Building C object G491RET6/CMakeFiles/NucleoFirmware.dir/__/Drivers/G4/Hal/Src/stm32g4xx_hal.c.obj
[ 64%] Building C object G491RET6/CMakeFiles/NucleoFirmware.dir/__/Drivers/G4/Hal/Src/stm32g4xx_hal_gpio.c.obj
[ 68%] Building C object G491RET6/CMakeFiles/NucleoFirmware.dir/__/Drivers/G4/Hal/Src/stm32g4xx_hal_rcc.c.obj
[ 72%] Building C object G491RET6/CMakeFiles/NucleoFirmware.dir/__/Drivers/G4/Hal/Src/stm32g4xx_hal_pwr_ex.c.obj
[ 76%] Building C object G491RET6/CMakeFiles/NucleoFirmware.dir/__/Drivers/G4/Hal/Src/stm32g4xx_hal_pwr.c.obj
[ 80%] Building C object G491RET6/CMakeFiles/NucleoFirmware.dir/__/Drivers/G4/Hal/Src/stm32g4xx_hal_cortex.c.obj
[ 84%] Building C object G491RET6/CMakeFiles/NucleoFirmware.dir/__/Drivers/G4/Hal/Src/stm32g4xx_hal_uart.c.obj
[ 88%] Building C object G491RET6/CMakeFiles/NucleoFirmware.dir/__/Drivers/G4/Hal/Src/stm32g4xx_hal_uart_ex.c.obj
[ 92%] Building C object G491RET6/CMakeFiles/NucleoFirmware.dir/__/Drivers/G4/Hal/Src/stm32g4xx_hal_dma.c.obj
[ 96%] Building C object G491RET6/CMakeFiles/NucleoFirmware.dir/__/Drivers/G4/Core/Source/system_stm32g4xx.c.obj
[100%] Linking C executable NucleoFirmware.elf
Memory region         Used Size  Region Size  %age Used
             RAM:        1584 B       112 KB      1.38%
           FLASH:       13708 B       512 KB      2.61%
[100%] Built target NucleoFirmware
